Build started 10/30/2015 12:01:46 PM.
     1>Project "C:\Users\Jessy\Desktop\ejento148\Ejento148\Ejento 148\Ejento 148.vcxproj" on node 2 (Build target(s)).
     1>Link:
         C:\Program Files (x86)\Microsoft Visual Studio 14.0\VC\bin\x86_amd64\link.exe /ERRORREPORT:PROMPT /OUT:"C:\Users\Jessy\Desktop\ejento148\Ejento148\x64\Debug\Ejento 148.exe" /INCREMENTAL /NOLOGO /LIBPATH:"C:/SFML-2.1/lib" kernel32.lib user32.lib gdi32.lib winspool.lib comdlg32.lib advapi32.lib shell32.lib ole32.lib oleaut32.lib uuid.lib odbc32.lib odbccp32.lib kernel32.lib user32.lib gdi32.lib winspool.lib comdlg32.lib advapi32.lib shell32.lib ole32.lib oleaut32.lib uuid.lib odbc32.lib odbccp32.lib "sfml-graphics-d.lib" "sfml-window-d.lib" "sfml-audio-d.lib" "sfml-system-d.lib" "sfml-network-d.lib" /MANIFEST /MANIFESTUAC:"level='asInvoker' uiAccess='false'" /manifest:embed /Debug /PDB:"C:\Users\Jessy\Desktop\ejento148\Ejento148\x64\Debug\Ejento 148.pdb" /SUBSYSTEM:CONSOLE /TLBID:1 /DYNAMICBASE /NXCOMPAT /IMPLIB:"C:\Users\Jessy\Desktop\ejento148\Ejento148\x64\Debug\Ejento 148.lib" /MACHINE:X64 x64\Debug\AnimatedSprite.obj
         x64\Debug\Animation.obj
         x64\Debug\Audio.obj
         x64\Debug\BackgroundTile.obj
         x64\Debug\Camera.obj
         "x64\Debug\Ejento 148.obj"
         x64\Debug\Enemy.obj
         x64\Debug\Game.obj
         x64\Debug\InteractiveTile.obj
         x64\Debug\Item.obj
         x64\Debug\Level.obj
         x64\Debug\MainMenu.obj
         x64\Debug\Player.obj
         x64\Debug\score.obj
         x64\Debug\SplashScreen.obj
         x64\Debug\stdafx.obj
     1>sfml-graphics-d.lib(sfml-graphics-d-2.dll) : fatal error LNK1112: module machine type 'X86' conflicts with target machine type 'x64'
     1>Done Building Project "C:\Users\Jessy\Desktop\ejento148\Ejento148\Ejento 148\Ejento 148.vcxproj" (Build target(s)) -- FAILED.

Build FAILED.

Time Elapsed 00:00:00.11
