Build started 02/11/2015 14:47:05.
     1>Project "C:\Users\Aydin\Desktop\Themaopdracht\Ejento148\Ejento 148\Ejento 148.vcxproj" on node 2 (Build target(s)).
     1>ClCompile:
         C:\Program Files (x86)\Microsoft Visual Studio 14.0\VC\bin\CL.exe /c /I"C:/SFML-2.1/include" /ZI /nologo /W3 /WX- /sdl /Od /Oy- /D WIN32 /D _DEBUG /D _CONSOLE /D _UNICODE /D UNICODE /Gm /EHsc /RTC1 /MDd /GS /fp:precise /Zc:wchar_t /Zc:forScope /Zc:inline /Yc"stdafx.h" /Fp"Debug\Ejento 148.pch" /Fo"Debug\\" /Fd"Debug\vc140.pdb" /Gd /TP /analyze- /errorReport:prompt stdafx.cpp
         stdafx.cpp
         C:\Program Files (x86)\Microsoft Visual Studio 14.0\VC\bin\CL.exe /c /I"C:/SFML-2.1/include" /ZI /nologo /W3 /WX- /sdl /Od /Oy- /D WIN32 /D _DEBUG /D _CONSOLE /D _UNICODE /D UNICODE /Gm /EHsc /RTC1 /MDd /GS /fp:precise /Zc:wchar_t /Zc:forScope /Zc:inline /Fo"Debug\\" /Fd"Debug\vc140.pdb" /Gd /TP /analyze- /errorReport:prompt AnimatedSprite.cpp Animation.cpp Audio.cpp BackgroundTile.cpp Camera.cpp "Ejento 148.cpp" Enemy.cpp Game.cpp InteractiveTile.cpp Item.cpp Level.cpp MainMenu.cpp Player.cpp score.cpp ScoreCounter.cpp SplashScreen.cpp TimeCounter.cpp
         TimeCounter.cpp
         SplashScreen.cpp
         ScoreCounter.cpp
         score.cpp
         Player.cpp
     1>c:\users\aydin\desktop\themaopdracht\ejento148\ejento 148\player.cpp(154): warning C4244: 'argument': conversion from 'const float' to 'int', possible loss of data
     1>c:\users\aydin\desktop\themaopdracht\ejento148\ejento 148\player.cpp(215): warning C4244: 'argument': conversion from 'int' to 'float', possible loss of data
     1>c:\users\aydin\desktop\themaopdracht\ejento148\ejento 148\player.cpp(237): warning C4244: 'argument': conversion from 'float' to 'int', possible loss of data
     1>c:\users\aydin\desktop\themaopdracht\ejento148\ejento 148\player.cpp(245): warning C4244: 'argument': conversion from 'float' to 'int', possible loss of data
     1>c:\users\aydin\desktop\themaopdracht\ejento148\ejento 148\player.cpp(245): warning C4244: 'argument': conversion from 'const float' to 'int', possible loss of data
         MainMenu.cpp
         Level.cpp
     1>c:\users\aydin\desktop\themaopdracht\ejento148\ejento 148\level.cpp(38): warning C4244: 'argument': conversion from 'int' to 'float', possible loss of data
     1>c:\users\aydin\desktop\themaopdracht\ejento148\ejento 148\level.cpp(42): warning C4244: 'argument': conversion from 'int' to 'float', possible loss of data
         Item.cpp
     1>c:\users\aydin\desktop\themaopdracht\ejento148\ejento 148\item.cpp(32): warning C4244: 'argument': conversion from 'float' to 'int', possible loss of data
         InteractiveTile.cpp
     1>c:\users\aydin\desktop\themaopdracht\ejento148\ejento 148\interactivetile.cpp(19): warning C4244: 'argument': conversion from 'float' to 'int', possible loss of data
         Game.cpp
         Enemy.cpp
     1>c:\users\aydin\desktop\themaopdracht\ejento148\ejento 148\enemy.cpp(80): warning C4244: 'argument': conversion from 'const float' to 'int', possible loss of data
         Ejento 148.cpp
         Camera.cpp
         BackgroundTile.cpp
     1>c:\users\aydin\desktop\themaopdracht\ejento148\ejento 148\backgroundtile.cpp(20): warning C4244: 'argument': conversion from 'float' to 'int', possible loss of data
         Audio.cpp
         Animation.cpp
         AnimatedSprite.cpp
         Generating Code...
       Link:
         C:\Program Files (x86)\Microsoft Visual Studio 14.0\VC\bin\link.exe /ERRORREPORT:PROMPT /OUT:"C:\Users\Aydin\Desktop\Themaopdracht\Ejento148\Debug\Ejento 148.exe" /INCREMENTAL /NOLOGO /LIBPATH:"C:/SFML-2.1/lib" kernel32.lib user32.lib gdi32.lib winspool.lib comdlg32.lib advapi32.lib shell32.lib ole32.lib oleaut32.lib uuid.lib odbc32.lib odbccp32.lib kernel32.lib user32.lib gdi32.lib winspool.lib comdlg32.lib advapi32.lib shell32.lib ole32.lib oleaut32.lib uuid.lib odbc32.lib odbccp32.lib "sfml-graphics-d.lib" "sfml-window-d.lib" "sfml-audio-d.lib" "sfml-system-d.lib" "sfml-network-d.lib" /MANIFEST /MANIFESTUAC:"level='asInvoker' uiAccess='false'" /manifest:embed /Debug /PDB:"C:\Users\Aydin\Desktop\Themaopdracht\Ejento148\Debug\Ejento 148.pdb" /SUBSYSTEM:CONSOLE /TLBID:1 /DYNAMICBASE /NXCOMPAT /IMPLIB:"C:\Users\Aydin\Desktop\Themaopdracht\Ejento148\Debug\Ejento 148.lib" /MACHINE:X86 Debug\AnimatedSprite.obj
         Debug\Animation.obj
         Debug\Audio.obj
         Debug\BackgroundTile.obj
         Debug\Camera.obj
         "Debug\Ejento 148.obj"
         Debug\Enemy.obj
         Debug\Game.obj
         Debug\InteractiveTile.obj
         Debug\Item.obj
         Debug\Level.obj
         Debug\MainMenu.obj
         Debug\Player.obj
         Debug\score.obj
         Debug\ScoreCounter.obj
         Debug\SplashScreen.obj
         Debug\stdafx.obj
         Debug\TimeCounter.obj
         LINK : C:\Users\Aydin\Desktop\Themaopdracht\Ejento148\Debug\Ejento 148.exe not found or not built by the last incremental link; performing full link
         Ejento 148.vcxproj -> C:\Users\Aydin\Desktop\Themaopdracht\Ejento148\Debug\Ejento 148.exe
     1>Done Building Project "C:\Users\Aydin\Desktop\Themaopdracht\Ejento148\Ejento 148\Ejento 148.vcxproj" (Build target(s)).

Build succeeded.

Time Elapsed 00:00:22.24
